{"C:\\Users\\Abba.Daniel\\Downloads\\React-Testing-Course\\Second-Testing\\users\\src\\UserForm.jsx": {"path":"C:\\Users\\Abba.Daniel\\Downloads\\React-Testing-Course\\Second-Testing\\users\\src\\UserForm.jsx","statementMap":{"0":{"start":{"line":3,"column":17},"end":{"line":39,"column":1}},"1":{"start":{"line":4,"column":28},"end":{"line":4,"column":40}},"2":{"start":{"line":5,"column":26},"end":{"line":5,"column":38}},"3":{"start":{"line":7,"column":23},"end":{"line":14,"column":3}},"4":{"start":{"line":8,"column":4},"end":{"line":8,"column":23}},"5":{"start":{"line":10,"column":4},"end":{"line":10,"column":31}},"6":{"start":{"line":12,"column":4},"end":{"line":12,"column":17}},"7":{"start":{"line":13,"column":4},"end":{"line":13,"column":16}},"8":{"start":{"line":16,"column":2},"end":{"line":38,"column":4}},"9":{"start":{"line":24,"column":27},"end":{"line":24,"column":50}},"10":{"start":{"line":33,"column":27},"end":{"line":33,"column":51}}},"fnMap":{"0":{"name":"(anonymous_0)","decl":{"start":{"line":3,"column":17},"end":{"line":3,"column":18}},"loc":{"start":{"line":3,"column":36},"end":{"line":39,"column":1}},"line":3},"1":{"name":"(anonymous_1)","decl":{"start":{"line":7,"column":23},"end":{"line":7,"column":24}},"loc":{"start":{"line":7,"column":30},"end":{"line":14,"column":3}},"line":7},"2":{"name":"(anonymous_2)","decl":{"start":{"line":24,"column":20},"end":{"line":24,"column":21}},"loc":{"start":{"line":24,"column":27},"end":{"line":24,"column":50}},"line":24},"3":{"name":"(anonymous_3)","decl":{"start":{"line":33,"column":20},"end":{"line":33,"column":21}},"loc":{"start":{"line":33,"column":27},"end":{"line":33,"column":51}},"line":33}},"branchMap":{},"s":{"0":1,"1":22,"2":22,"3":22,"4":1,"5":1,"6":1,"7":1,"8":22,"9":4,"10":14},"f":{"0":22,"1":1,"2":4,"3":14},"b":{},"_coverageSchema":"1a1c01bbd47fc00a2c39e90264f33305004495a9","hash":"555fd4ca41bd0ea96c788707583546fb6c087d1f"}
}
